# JRE version: Java(TM) SE Runtime Environment (8.0_311-b11) (build 1.8.0_311-b11)
# Java VM: Java HotSpot(TM) 64-Bit Server VM (25.311-b11 mixed mode windows-amd64 compressed oops)
Heap:
 PSYoungGen      total 83456K, used 22020K [0x000000076af00000, 0x0000000770b80000, 0x00000007c0000000)
  eden space 76288K, 26% used [0x000000076af00000,0x000000076c262108,0x000000076f980000)
  from space 7168K, 30% used [0x0000000770480000,0x000000077069f0a0,0x0000000770b80000)
  to   space 9216K, 0% used [0x000000076f980000,0x000000076f980000,0x0000000770280000)
 ParOldGen       total 326144K, used 301009K [0x00000006c0c00000, 0x00000006d4a80000, 0x000000076af00000)
  object space 326144K, 92% used [0x00000006c0c00000,0x00000006d31f4768,0x00000006d4a80000)
 Metaspace       used 28873K, capacity 29322K, committed 29696K, reserved 1075200K
  class space    used 3698K, capacity 3828K, committed 3840K, reserved 1048576K
GC Heap History (10 events):
Event: 19.723 GC heap before
{Heap before GC invocations=7 (full 1):
 PSYoungGen      total 85504K, used 77034K [0x000000076af00000, 0x0000000771780000, 0x00000007c0000000)
  eden space 74752K, 100% used [0x000000076af00000,0x000000076f800000,0x000000076f800000)
  from space 10752K, 21% used [0x000000076f800000,0x000000076fa3aa78,0x0000000770280000)
  to   space 11776K, 0% used [0x0000000770c00000,0x0000000770c00000,0x0000000771780000)
 ParOldGen       total 123904K, used 11276K [0x00000006c0c00000, 0x00000006c8500000, 0x000000076af00000)
  object space 123904K, 9% used [0x00000006c0c00000,0x00000006c1703030,0x00000006c8500000)
 Metaspace       used 27946K, capacity 28418K, committed 28928K, reserved 1075200K
  class space    used 3650K, capacity 3770K, committed 3840K, reserved 1048576K
Event: 19.725 GC heap after
Heap after GC invocations=7 (full 1):
 PSYoungGen      total 92160K, used 2138K [0x000000076af00000, 0x0000000771580000, 0x00000007c0000000)
  eden space 82432K, 0% used [0x000000076af00000,0x000000076af00000,0x000000076ff80000)
  from space 9728K, 21% used [0x0000000770c00000,0x0000000770e16a48,0x0000000771580000)
  to   space 11264K, 0% used [0x000000076ff80000,0x000000076ff80000,0x0000000770a80000)
 ParOldGen       total 123904K, used 11284K [0x00000006c0c00000, 0x00000006c8500000, 0x000000076af00000)
  object space 123904K, 9% used [0x00000006c0c00000,0x00000006c1705030,0x00000006c8500000)
 Metaspace       used 27946K, capacity 28418K, committed 28928K, reserved 1075200K
  class space    used 3650K, capacity 3770K, committed 3840K, reserved 1048576K
}
Event: 25.203 GC heap before
{Heap before GC invocations=8 (full 1):
 PSYoungGen      total 92160K, used 78118K [0x000000076af00000, 0x0000000771580000, 0x00000007c0000000)
  eden space 82432K, 92% used [0x000000076af00000,0x000000076f933138,0x000000076ff80000)
  from space 9728K, 21% used [0x0000000770c00000,0x0000000770e16a48,0x0000000771580000)
  to   space 11264K, 0% used [0x000000076ff80000,0x000000076ff80000,0x0000000770a80000)
 ParOldGen       total 123904K, used 11284K [0x00000006c0c00000, 0x00000006c8500000, 0x000000076af00000)
  object space 123904K, 9% used [0x00000006c0c00000,0x00000006c1705030,0x00000006c8500000)
 Metaspace       used 28033K, capacity 28514K, committed 28928K, reserved 1075200K
  class space    used 3651K, capacity 3802K, committed 3840K, reserved 1048576K
Event: 25.205 GC heap after
Heap after GC invocations=8 (full 1):
 PSYoungGen      total 83456K, used 2186K [0x000000076af00000, 0x0000000771300000, 0x00000007c0000000)
  eden space 80896K, 0% used [0x000000076af00000,0x000000076af00000,0x000000076fe00000)
  from space 2560K, 85% used [0x000000076ff80000,0x00000007701a2a20,0x0000000770200000)
  to   space 10752K, 0% used [0x0000000770880000,0x0000000770880000,0x0000000771300000)
 ParOldGen       total 123904K, used 11292K [0x00000006c0c00000, 0x00000006c8500000, 0x000000076af00000)
  object space 123904K, 9% used [0x00000006c0c00000,0x00000006c1707030,0x00000006c8500000)
 Metaspace       used 28033K, capacity 28514K, committed 28928K, reserved 1075200K
  class space    used 3651K, capacity 3802K, committed 3840K, reserved 1048576K
}
Event: 34.539 GC heap before
{Heap before GC invocations=9 (full 1):
 PSYoungGen      total 83456K, used 83076K [0x000000076af00000, 0x0000000771300000, 0x00000007c0000000)
  eden space 80896K, 99% used [0x000000076af00000,0x000000076fdfe700,0x000000076fe00000)
  from space 2560K, 85% used [0x000000076ff80000,0x00000007701a2a20,0x0000000770200000)
  to   space 10752K, 0% used [0x0000000770880000,0x0000000770880000,0x0000000771300000)
 ParOldGen       total 123904K, used 11292K [0x00000006c0c00000, 0x00000006c8500000, 0x000000076af00000)
  object space 123904K, 9% used [0x00000006c0c00000,0x00000006c1707030,0x00000006c8500000)
 Metaspace       used 28081K, capacity 28578K, committed 28928K, reserved 1075200K
  class space    used 3651K, capacity 3802K, committed 3840K, reserved 1048576K
Event: 34.541 GC heap after
Heap after GC invocations=9 (full 1):
 PSYoungGen      total 87552K, used 2042K [0x000000076af00000, 0x0000000771080000, 0x00000007c0000000)
  eden space 79360K, 0% used [0x000000076af00000,0x000000076af00000,0x000000076fc80000)
  from space 8192K, 24% used [0x0000000770880000,0x0000000770a7e9f0,0x0000000771080000)
  to   space 10240K, 0% used [0x000000076fc80000,0x000000076fc80000,0x0000000770680000)
 ParOldGen       total 123904K, used 11300K [0x00000006c0c00000, 0x00000006c8500000, 0x000000076af00000)
  object space 123904K, 9% used [0x00000006c0c00000,0x00000006c1709030,0x00000006c8500000)
 Metaspace       used 28081K, capacity 28578K, committed 28928K, reserved 1075200K
  class space    used 3651K, capacity 3802K, committed 3840K, reserved 1048576K
}
Event: 50.818 GC heap before
{Heap before GC invocations=10 (full 1):
 PSYoungGen      total 87552K, used 81402K [0x000000076af00000, 0x0000000771080000, 0x00000007c0000000)
  eden space 79360K, 100% used [0x000000076af00000,0x000000076fc80000,0x000000076fc80000)
  from space 8192K, 24% used [0x0000000770880000,0x0000000770a7e9f0,0x0000000771080000)
  to   space 10240K, 0% used [0x000000076fc80000,0x000000076fc80000,0x0000000770680000)
 ParOldGen       total 123904K, used 11300K [0x00000006c0c00000, 0x00000006c8500000, 0x000000076af00000)
  object space 123904K, 9% used [0x00000006c0c00000,0x00000006c1709030,0x00000006c8500000)
 Metaspace       used 28155K, capacity 28642K, committed 28928K, reserved 1075200K
  class space    used 3651K, capacity 3802K, committed 3840K, reserved 1048576K
Event: 50.820 GC heap after
Heap after GC invocations=10 (full 1):
 PSYoungGen      total 79872K, used 1994K [0x000000076af00000, 0x0000000770e00000, 0x00000007c0000000)
  eden space 77824K, 0% used [0x000000076af00000,0x000000076af00000,0x000000076fb00000)
  from space 2048K, 97% used [0x000000076fc80000,0x000000076fe729c8,0x000000076fe80000)
  to   space 9728K, 0% used [0x0000000770480000,0x0000000770480000,0x0000000770e00000)
 ParOldGen       total 123904K, used 11308K [0x00000006c0c00000, 0x00000006c8500000, 0x000000076af00000)
  object space 123904K, 9% used [0x00000006c0c00000,0x00000006c170b030,0x00000006c8500000)
 Metaspace       used 28155K, capacity 28642K, committed 28928K, reserved 1075200K
  class space    used 3651K, capacity 3802K, committed 3840K, reserved 1048576K
}
Event: 62.286 GC heap before
{Heap before GC invocations=11 (full 1):
 PSYoungGen      total 79872K, used 79818K [0x000000076af00000, 0x0000000770e00000, 0x00000007c0000000)
  eden space 77824K, 100% used [0x000000076af00000,0x000000076fb00000,0x000000076fb00000)
  from space 2048K, 97% used [0x000000076fc80000,0x000000076fe729c8,0x000000076fe80000)
  to   space 9728K, 0% used [0x0000000770480000,0x0000000770480000,0x0000000770e00000)
 ParOldGen       total 200704K, used 175621K [0x00000006c0c00000, 0x00000006cd000000, 0x000000076af00000)
  object space 200704K, 87% used [0x00000006c0c00000,0x00000006cb7814d0,0x00000006cd000000)
 Metaspace       used 28343K, capacity 28796K, committed 29184K, reserved 1075200K
  class space    used 3661K, capacity 3809K, committed 3840K, reserved 1048576K
Event: 62.288 GC heap after
Heap after GC invocations=11 (full 1):
 PSYoungGen      total 83456K, used 2172K [0x000000076af00000, 0x0000000770b80000, 0x00000007c0000000)
  eden space 76288K, 0% used [0x000000076af00000,0x000000076af00000,0x000000076f980000)
  from space 7168K, 30% used [0x0000000770480000,0x000000077069f0a0,0x0000000770b80000)
  to   space 9216K, 0% used [0x000000076f980000,0x000000076f980000,0x0000000770280000)
 ParOldGen       total 200704K, used 175629K [0x00000006c0c00000, 0x00000006cd000000, 0x000000076af00000)
  object space 200704K, 87% used [0x00000006c0c00000,0x00000006cb7834d0,0x00000006cd000000)
 Metaspace       used 28343K, capacity 28796K, committed 29184K, reserved 1075200K
  class space    used 3661K, capacity 3809K, committed 3840K, reserved 1048576K
}

